Fri Feb 14 18:52:18 CET 2020 : Servidor de red Apache Derby: Se ha iniciado 10.11.1.2 - (1629631) y está listo para aceptar las conexiones en el puerto 1527
----------------------------------------------------------------
Fri Feb 14 18:52:19 CET 2020:
 Iniciando instancia a816c00e-0170-44d4-72ed-000042aea925 de Derby, versión The Apache Software Foundation - Apache Derby - 10.11.1.2 - (1629631): 
en el directorio de base de datos /home/alumno/.netbeans-derby/Biblioteca con el cargador de clases sun.misc.Launcher$AppClassLoader@1d44bcfa
Cargado desde file:/usr/lib/jvm/java-8-oracle/db/lib/derby.jar
java.vendor=Oracle Corporation
java.runtime.version=1.8.0_151-b12
user.dir=/usr/lib/jvm/java-8-oracle/db
os.name=Linux
os.arch=amd64
os.version=4.4.0-171-generic
derby.system.home=/home/alumno/.netbeans-derby
Cargador de clases de base de datos iniciado - derby.database.classpath=''
----------------------------------------------------------------
Fri Feb 14 18:52:20 CET 2020:
Cerrando la instancia a816c00e-0170-44d4-72ed-000042aea925 en el directorio de base de datos /home/alumno/.netbeans-derby/Biblioteca con cargador de clases sun.misc.Launcher$AppClassLoader@1d44bcfa
Fri Feb 14 18:52:20 CET 2020 Thread[DRDAConnThread_3,5,main] (DATABASE = Biblioteca), (DRDAID = {2}), Cierre de la base de datos 'Biblioteca'.
----------------------------------------------------------------
Fri Feb 14 18:52:26 CET 2020:
 Iniciando instancia a65c80ac-0170-44d4-72ed-000042aea925 de Derby, versión The Apache Software Foundation - Apache Derby - 10.11.1.2 - (1629631): 
en el directorio de base de datos /home/alumno/.netbeans-derby/Biblioteca con el cargador de clases sun.misc.Launcher$AppClassLoader@1d44bcfa
Cargado desde file:/usr/lib/jvm/java-8-oracle/db/lib/derby.jar
java.vendor=Oracle Corporation
java.runtime.version=1.8.0_151-b12
user.dir=/usr/lib/jvm/java-8-oracle/db
os.name=Linux
os.arch=amd64
os.version=4.4.0-171-generic
derby.system.home=/home/alumno/.netbeans-derby
Cargador de clases de base de datos iniciado - derby.database.classpath=''
----------------------------------------------------------------
Fri Feb 14 19:03:51 CET 2020: cerrando motor de Derby
